<?xml version="1.0" encoding="UTF-8"?>
<!-- Generated by org.testng.reporters.JUnitReportReporter -->
<testsuite hostname="HawxegenPC" name="com.stta.SuiteTwo.SuiteTwoCaseOne" tests="2" failures="2" timestamp="11 Mar 2018 22:37:47 GMT" time="0.001" errors="0">
  <testcase name="SuiteTwoCaseOneTest" time="0.000" classname="com.stta.SuiteTwo.SuiteTwoCaseOne"/>
  <testcase name="SuiteTwoCaseOneTest" time="0.001" classname="com.stta.SuiteTwo.SuiteTwoCaseOne"/>
</testsuite> <!-- com.stta.SuiteTwo.SuiteTwoCaseOne -->
